<?xml version="1.0" encoding="UTF-8"?>
<testsuite xmlns:xsi="http://www.w3.org/2001/XMLSchema-instance" xsi:noNamespaceSchemaLocation="https://maven.apache.org/surefire/maven-surefire-plugin/xsd/surefire-test-report.xsd" name="DownloadOrderTest" time="2.496" tests="2" errors="0" skipped="0" failures="0">
  <properties>
[...]
</properties>
  <testcase name="dowloanOrderAutoUser" classname="DownloadOrderTest" time="2.318"/>
  <testcase name="dowloanOrderNotAutoUser" classname="DownloadOrderTest" time="0.176"/>
</testsuite>